20:26:21.729 INFO - Selenium build info: version: '3.6.0', revision: '6fbf3ec767'
20:26:21.729 INFO - Launching a standalone Selenium Server
2017-10-18 20:26:21.751:INFO::main: Logging initialized @282ms to org.seleniumhq.jetty9.util.log.StdErrLog
20:26:21.818 INFO - Driver class not found: com.opera.core.systems.OperaDriver
20:26:21.850 INFO - Driver provider class org.openqa.selenium.safari.SafariDriver registration is skipped:
 registration capabilities Capabilities [{browserName=safari, version=, platform=MAC}] does not match the current platform VISTA
20:26:21.886 INFO - Using the passthrough mode handler
2017-10-18 20:26:21.912:INFO:osjs.Server:main: jetty-9.4.5.v20170502
2017-10-18 20:26:21.939:WARN:osjs.SecurityHandler:main: ServletContext@o.s.j.s.ServletContextHandler@731a74c{/,null,STARTING} has uncovered http methods for path: /
2017-10-18 20:26:21.943:INFO:osjsh.ContextHandler:main: Started o.s.j.s.ServletContextHandler@731a74c{/,null,AVAILABLE}
2017-10-18 20:26:22.003:INFO:osjs.AbstractConnector:main: Started ServerConnector@6dd79a5a{HTTP/1.1,[http/1.1]}{0.0.0.0:4444}
2017-10-18 20:26:22.004:INFO:osjs.Server:main: Started @534ms
20:26:22.004 INFO - Selenium Server is up and running
2017-10-18 20:26:22.379:INFO:osjshC.ROOT:qtp1617791695-11: org.openqa.selenium.remote.server.WebDriverServlet-5e5792a0: Initialising WebDriverServlet
20:26:22.419 INFO - Binding default provider to: org.openqa.selenium.chrome.ChromeDriverService
20:26:22.420 INFO - Found handler: org.openqa.selenium.remote.server.commandhandler.BeginSession@51b20fb8
20:26:22.424 INFO - /session: Executing POST on /session (handler: BeginSession)
20:26:22.476 INFO - Capabilities are: Capabilities {acceptSslCerts=true, phantomjs.binary.path=C:\dev\nightwatch-cucumber-..., browserName=chrome, javascriptEnabled=true, platformName=ANY, platform=ANY, }
20:26:22.477 INFO - Capabilities {acceptSslCerts=true, phantomjs.binary.path=C:\dev\nightwatch-cucumber-..., browserName=chrome, javascriptEnabled=true, platformName=ANY, platform=ANY, } matched class org.openqa.selenium.remote.server.ServicedSession$Factory (provider: org.openqa.selenium.chrome.ChromeDriverService)
20:26:22.478 INFO - Capabilities {acceptSslCerts=true, phantomjs.binary.path=C:\dev\nightwatch-cucumber-..., browserName=chrome, javascriptEnabled=true, platformName=ANY, platform=ANY, } matched class org.openqa.selenium.remote.server.ServicedSession$Factory (provider: org.openqa.selenium.chrome.ChromeDriverService)
Starting ChromeDriver 2.33.506120 (e3e53437346286c0bc2d2dc9aa4915ba81d9023f) on port 3514
Only local connections are allowed.
20:26:25.456 INFO - Found handler: org.openqa.selenium.remote.server.ServicedSession@195aeece
20:26:25.457 INFO - Handler thread for session 48fec2c60d7f69776880cd91a998b8d8 (chrome): Executing POST on /session/48fec2c60d7f69776880cd91a998b8d8/url (handler: ServicedSession)
20:26:25.460 INFO - To upstream: {"url":"https://duckduckgo.com/"}
20:26:37.116 INFO - To downstream: {"sessionId":"48fec2c60d7f69776880cd91a998b8d8","status":0,"value":null}
20:26:37.209 INFO - Found handler: org.openqa.selenium.remote.server.ServicedSession@195aeece
20:26:37.210 INFO - Handler thread for session 48fec2c60d7f69776880cd91a998b8d8 (chrome): Executing GET on /session/48fec2c60d7f69776880cd91a998b8d8/title (handler: ServicedSession)
20:26:37.216 INFO - To downstream: {"sessionId":"48fec2c60d7f69776880cd91a998b8d8","status":0,"value":"DuckDuckGo"}
20:26:37.298 INFO - Found handler: org.openqa.selenium.remote.server.ServicedSession@195aeece
20:26:37.298 INFO - Handler thread for session 48fec2c60d7f69776880cd91a998b8d8 (chrome): Executing POST on /session/48fec2c60d7f69776880cd91a998b8d8/element (handler: ServicedSession)
20:26:37.301 INFO - To upstream: {"using":"css selector","value":"input[name=\"q\"]"}
20:26:37.327 INFO - To downstream: {"sessionId":"48fec2c60d7f69776880cd91a998b8d8","status":0,"value":{"ELEMENT":"0.9913497003877774-1"}}
20:26:37.403 INFO - Found handler: org.openqa.selenium.remote.server.ServicedSession@195aeece
20:26:37.403 INFO - Handler thread for session 48fec2c60d7f69776880cd91a998b8d8 (chrome): Executing GET on /session/48fec2c60d7f69776880cd91a998b8d8/element/0.9913497003877774-1/displayed (handler: ServicedSession)
20:26:37.429 INFO - To downstream: {"sessionId":"48fec2c60d7f69776880cd91a998b8d8","status":0,"value":true}
20:26:37.508 INFO - Found handler: org.openqa.selenium.remote.server.ServicedSession@195aeece
20:26:37.508 INFO - Handler thread for session 48fec2c60d7f69776880cd91a998b8d8 (chrome): Executing POST on /session/48fec2c60d7f69776880cd91a998b8d8/url (handler: ServicedSession)
20:26:37.510 INFO - To upstream: {"url":"https://duckduckgo.com/"}
20:26:37.934 INFO - To downstream: {"sessionId":"48fec2c60d7f69776880cd91a998b8d8","status":0,"value":null}
20:26:38.024 INFO - Found handler: org.openqa.selenium.remote.server.ServicedSession@195aeece
20:26:38.025 INFO - Handler thread for session 48fec2c60d7f69776880cd91a998b8d8 (chrome): Executing GET on /session/48fec2c60d7f69776880cd91a998b8d8/title (handler: ServicedSession)
20:26:38.030 INFO - To downstream: {"sessionId":"48fec2c60d7f69776880cd91a998b8d8","status":0,"value":"DuckDuckGo"}
20:26:38.108 INFO - Found handler: org.openqa.selenium.remote.server.ServicedSession@195aeece
20:26:38.108 INFO - Handler thread for session 48fec2c60d7f69776880cd91a998b8d8 (chrome): Executing POST on /session/48fec2c60d7f69776880cd91a998b8d8/element (handler: ServicedSession)
20:26:38.110 INFO - To upstream: {"using":"css selector","value":"input[name=\"q\"]"}
20:26:38.118 INFO - To downstream: {"sessionId":"48fec2c60d7f69776880cd91a998b8d8","status":0,"value":{"ELEMENT":"0.04794642240539981-1"}}
20:26:38.193 INFO - Found handler: org.openqa.selenium.remote.server.ServicedSession@195aeece
20:26:38.194 INFO - Handler thread for session 48fec2c60d7f69776880cd91a998b8d8 (chrome): Executing GET on /session/48fec2c60d7f69776880cd91a998b8d8/element/0.04794642240539981-1/displayed (handler: ServicedSession)
20:26:38.220 INFO - To downstream: {"sessionId":"48fec2c60d7f69776880cd91a998b8d8","status":0,"value":true}
20:26:38.302 INFO - Found handler: org.openqa.selenium.remote.server.ServicedSession@195aeece
20:26:38.303 INFO - Handler thread for session 48fec2c60d7f69776880cd91a998b8d8 (chrome): Executing POST on /session/48fec2c60d7f69776880cd91a998b8d8/url (handler: ServicedSession)
20:26:38.305 INFO - To upstream: {"url":"http://google.com"}
20:26:39.738 INFO - To downstream: {"sessionId":"48fec2c60d7f69776880cd91a998b8d8","status":0,"value":null}
20:26:39.820 INFO - Found handler: org.openqa.selenium.remote.server.ServicedSession@195aeece
20:26:39.821 INFO - Handler thread for session 48fec2c60d7f69776880cd91a998b8d8 (chrome): Executing GET on /session/48fec2c60d7f69776880cd91a998b8d8/title (handler: ServicedSession)
20:26:39.827 INFO - To downstream: {"sessionId":"48fec2c60d7f69776880cd91a998b8d8","status":0,"value":"Google"}
20:26:39.905 INFO - Found handler: org.openqa.selenium.remote.server.ServicedSession@195aeece
20:26:39.905 INFO - Handler thread for session 48fec2c60d7f69776880cd91a998b8d8 (chrome): Executing POST on /session/48fec2c60d7f69776880cd91a998b8d8/element (handler: ServicedSession)
20:26:39.907 INFO - To upstream: {"using":"css selector","value":"input[name=\"q\"]"}
20:26:39.931 INFO - To downstream: {"sessionId":"48fec2c60d7f69776880cd91a998b8d8","status":0,"value":{"ELEMENT":"0.008647861930462852-1"}}
20:26:40.007 INFO - Found handler: org.openqa.selenium.remote.server.ServicedSession@195aeece
20:26:40.007 INFO - Handler thread for session 48fec2c60d7f69776880cd91a998b8d8 (chrome): Executing GET on /session/48fec2c60d7f69776880cd91a998b8d8/element/0.008647861930462852-1/displayed (handler: ServicedSession)
20:26:40.034 INFO - To downstream: {"sessionId":"48fec2c60d7f69776880cd91a998b8d8","status":0,"value":true}
20:26:40.115 INFO - Found handler: org.openqa.selenium.remote.server.ServicedSession@195aeece
20:26:40.116 INFO - Handler thread for session 48fec2c60d7f69776880cd91a998b8d8 (chrome): Executing POST on /session/48fec2c60d7f69776880cd91a998b8d8/url (handler: ServicedSession)
20:26:40.118 INFO - To upstream: {"url":"http://google.com"}
20:26:40.692 INFO - To downstream: {"sessionId":"48fec2c60d7f69776880cd91a998b8d8","status":0,"value":null}
20:26:40.774 INFO - Found handler: org.openqa.selenium.remote.server.ServicedSession@195aeece
20:26:40.774 INFO - Handler thread for session 48fec2c60d7f69776880cd91a998b8d8 (chrome): Executing GET on /session/48fec2c60d7f69776880cd91a998b8d8/title (handler: ServicedSession)
20:26:40.802 INFO - To downstream: {"sessionId":"48fec2c60d7f69776880cd91a998b8d8","status":0,"value":"Google"}
20:26:40.880 INFO - Found handler: org.openqa.selenium.remote.server.ServicedSession@195aeece
20:26:40.880 INFO - Handler thread for session 48fec2c60d7f69776880cd91a998b8d8 (chrome): Executing POST on /session/48fec2c60d7f69776880cd91a998b8d8/element (handler: ServicedSession)
20:26:40.882 INFO - To upstream: {"using":"css selector","value":"input[name=\"q\"]"}
20:26:40.891 INFO - To downstream: {"sessionId":"48fec2c60d7f69776880cd91a998b8d8","status":0,"value":{"ELEMENT":"0.7412131075584654-1"}}
20:26:40.965 INFO - Found handler: org.openqa.selenium.remote.server.ServicedSession@195aeece
20:26:40.965 INFO - Handler thread for session 48fec2c60d7f69776880cd91a998b8d8 (chrome): Executing GET on /session/48fec2c60d7f69776880cd91a998b8d8/element/0.7412131075584654-1/displayed (handler: ServicedSession)
20:26:40.990 INFO - To downstream: {"sessionId":"48fec2c60d7f69776880cd91a998b8d8","status":0,"value":true}
20:26:41.069 INFO - Found handler: org.openqa.selenium.remote.server.ServicedSession@195aeece
20:26:41.069 INFO - Handler thread for session 48fec2c60d7f69776880cd91a998b8d8 (chrome): Executing POST on /session/48fec2c60d7f69776880cd91a998b8d8/url (handler: ServicedSession)
20:26:41.071 INFO - To upstream: {"url":"https://www.kinopoisk.ru"}
20:26:49.945 INFO - To downstream: {"sessionId":"48fec2c60d7f69776880cd91a998b8d8","status":0,"value":null}
20:26:50.030 INFO - Found handler: org.openqa.selenium.remote.server.ServicedSession@195aeece
20:26:50.030 INFO - Handler thread for session 48fec2c60d7f69776880cd91a998b8d8 (chrome): Executing POST on /session/48fec2c60d7f69776880cd91a998b8d8/element (handler: ServicedSession)
20:26:50.033 INFO - To upstream: {"using":"css selector","value":"input[name=kp_query]"}
20:26:50.182 INFO - To downstream: {"sessionId":"48fec2c60d7f69776880cd91a998b8d8","status":0,"value":{"ELEMENT":"0.177854456734023-1"}}
20:26:50.260 INFO - Found handler: org.openqa.selenium.remote.server.ServicedSession@195aeece
20:26:50.260 INFO - Handler thread for session 48fec2c60d7f69776880cd91a998b8d8 (chrome): Executing GET on /session/48fec2c60d7f69776880cd91a998b8d8/element/0.177854456734023-1/displayed (handler: ServicedSession)
20:26:50.290 INFO - To downstream: {"sessionId":"48fec2c60d7f69776880cd91a998b8d8","status":0,"value":true}
20:26:50.371 INFO - Found handler: org.openqa.selenium.remote.server.ServicedSession@195aeece
20:26:50.371 INFO - Handler thread for session 48fec2c60d7f69776880cd91a998b8d8 (chrome): Executing POST on /session/48fec2c60d7f69776880cd91a998b8d8/element (handler: ServicedSession)
20:26:50.373 INFO - To upstream: {"using":"css selector","value":"input[name=kp_query]"}
20:26:50.383 INFO - To downstream: {"sessionId":"48fec2c60d7f69776880cd91a998b8d8","status":0,"value":{"ELEMENT":"0.177854456734023-1"}}
20:26:50.462 INFO - Found handler: org.openqa.selenium.remote.server.ServicedSession@195aeece
20:26:50.462 INFO - Handler thread for session 48fec2c60d7f69776880cd91a998b8d8 (chrome): Executing POST on /session/48fec2c60d7f69776880cd91a998b8d8/element/0.177854456734023-1/value (handler: ServicedSession)
20:26:50.465 INFO - To upstream: {"value":["\u041e","\u043d","\u043e","\ue007"]}
20:27:04.817 INFO - To downstream: {"sessionId":"48fec2c60d7f69776880cd91a998b8d8","status":0,"value":null}
20:27:04.920 INFO - Found handler: org.openqa.selenium.remote.server.ServicedSession@195aeece
20:27:04.920 INFO - Handler thread for session 48fec2c60d7f69776880cd91a998b8d8 (chrome): Executing POST on /session/48fec2c60d7f69776880cd91a998b8d8/element (handler: ServicedSession)
20:27:04.923 INFO - To upstream: {"using":"css selector","value":"div[class=block_left_pad] :nth-child(4) div[class=right]"}
20:27:05.056 INFO - To downstream: {"sessionId":"48fec2c60d7f69776880cd91a998b8d8","status":0,"value":{"ELEMENT":"0.34208380304631536-1"}}
20:27:05.132 INFO - Found handler: org.openqa.selenium.remote.server.ServicedSession@195aeece
20:27:05.132 INFO - Handler thread for session 48fec2c60d7f69776880cd91a998b8d8 (chrome): Executing GET on /session/48fec2c60d7f69776880cd91a998b8d8/element/0.34208380304631536-1/displayed (handler: ServicedSession)
20:27:05.158 INFO - To downstream: {"sessionId":"48fec2c60d7f69776880cd91a998b8d8","status":0,"value":true}
20:27:05.237 INFO - Found handler: org.openqa.selenium.remote.server.ServicedSession@195aeece
20:27:05.237 INFO - Handler thread for session 48fec2c60d7f69776880cd91a998b8d8 (chrome): Executing POST on /session/48fec2c60d7f69776880cd91a998b8d8/element (handler: ServicedSession)
20:27:05.239 INFO - To upstream: {"using":"css selector","value":"div[class=block_left_pad] :nth-child(4) div[class=right] :first-child"}
20:27:05.262 INFO - To downstream: {"sessionId":"48fec2c60d7f69776880cd91a998b8d8","status":0,"value":{"ELEMENT":"0.34208380304631536-2"}}
20:27:05.338 INFO - Found handler: org.openqa.selenium.remote.server.ServicedSession@195aeece
20:27:05.338 INFO - Handler thread for session 48fec2c60d7f69776880cd91a998b8d8 (chrome): Executing GET on /session/48fec2c60d7f69776880cd91a998b8d8/element/0.34208380304631536-2/text (handler: ServicedSession)
20:27:05.369 INFO - To downstream: {"sessionId":"48fec2c60d7f69776880cd91a998b8d8","status":0,"value":"7.6"}
20:27:05.463 INFO - Found handler: org.openqa.selenium.remote.server.ServicedSession@195aeece
20:27:05.463 INFO - Handler thread for session 48fec2c60d7f69776880cd91a998b8d8 (chrome): Executing DELETE on /session/48fec2c60d7f69776880cd91a998b8d8 (handler: ServicedSession)
20:27:05.514 INFO - To downstream: {"sessionId":"48fec2c60d7f69776880cd91a998b8d8","status":0,"value":null}
